<?xml version="1.0" encoding="UTF-8"?>
<!-- Generated by org.testng.reporters.JUnitReportReporter -->
<testsuite hostname="DESKTOP-R4J9CF0" failures="0" tests="2" name="com.practice.TestNGPractice" time="0.019" errors="0" timestamp="2022-12-12T23:40:52 IST" skipped="0">
  <testcase classname="com.practice.TestNGPractice" name="test2" time="0.003"/>
  <system-out>
    <![CDATA[hello2]]>
  </system-out>
  <testcase classname="com.practice.TestNGPractice" name="test" time="0.016"/>
  <system-out>
    <![CDATA[hello]]>
  </system-out>
</testsuite> <!-- com.practice.TestNGPractice -->
