<?xml version="1.0" encoding="UTF-8"?>
<!-- Generated by org.testng.reporters.JUnitReportReporter -->
<testsuite hostname="DESKTOP-R4J9CF0" failures="0" tests="1" name="com.santam.client.EditPaymentDetailsTest" time="23.548" errors="0" timestamp="2022-12-15T14:46:46 IST" skipped="0">
  <testcase classname="com.santam.client.EditPaymentDetailsTest" name="editPaymentDetailsTest" time="23.548"/>
  <system-out/>
</testsuite> <!-- com.santam.client.EditPaymentDetailsTest -->
