<?xml version="1.0" encoding="UTF-8"?>
<!-- Generated by org.testng.reporters.JUnitReportReporter -->
<testsuite hostname="DESKTOP-R4J9CF0" failures="0" tests="14" name="com.practice.TestNgDataProvider" time="0.056" errors="0" timestamp="2022-12-12T23:41:20 IST" skipped="0">
  <testcase classname="com.practice.TestNgDataProvider" name="test" time="0.004"/>
  <system-out/>
  <testcase classname="com.practice.TestNgDataProvider" name="test" time="0.003"/>
  <system-out/>
  <testcase classname="com.practice.TestNgDataProvider" name="test" time="0.008"/>
  <system-out/>
  <testcase classname="com.practice.TestNgDataProvider" name="test" time="0.004"/>
  <system-out/>
  <testcase classname="com.practice.TestNgDataProvider" name="test" time="0.003"/>
  <system-out/>
  <testcase classname="com.practice.TestNgDataProvider" name="test" time="0.004"/>
  <system-out/>
  <testcase classname="com.practice.TestNgDataProvider" name="test" time="0.002"/>
  <system-out/>
  <testcase classname="com.practice.TestNgDataProvider" name="test" time="0.009"/>
  <system-out/>
  <testcase classname="com.practice.TestNgDataProvider" name="test" time="0.004"/>
  <system-out/>
  <testcase classname="com.practice.TestNgDataProvider" name="test" time="0.006"/>
  <system-out/>
  <testcase classname="com.practice.TestNgDataProvider" name="test" time="0.001"/>
  <system-out/>
  <testcase classname="com.practice.TestNgDataProvider" name="test" time="0.002"/>
  <system-out/>
  <testcase classname="com.practice.TestNgDataProvider" name="test" time="0.002"/>
  <system-out/>
  <testcase classname="com.practice.TestNgDataProvider" name="test" time="0.004"/>
  <system-out/>
</testsuite> <!-- com.practice.TestNgDataProvider -->
